2021-01-29 15:34:39,513 INFO o.s.t.c.s.AbstractTestContextBootstrapper [main] Neither @ContextConfiguration nor @ContextHierarchy found for test class [com.jagex.packageservice.controller.PackageControllerTest], using SpringBootContextLoader
2021-01-29 15:34:39,530 INFO o.s.t.c.s.AbstractContextLoader [main] Could not detect default resource locations for test class [com.jagex.packageservice.controller.PackageControllerTest]: no resource found for suffixes {-context.xml, Context.groovy}.
2021-01-29 15:34:39,533 INFO o.s.t.c.s.AnnotationConfigContextLoaderUtils [main] Could not detect default configuration classes for test class [com.jagex.packageservice.controller.PackageControllerTest]: PackageControllerTest does not declare any static, non-private, non-final, nested classes annotated with @Configuration.
2021-01-29 15:34:39,810 INFO o.s.b.t.c.SpringBootTestContextBootstrapper [main] Found @SpringBootConfiguration com.jagex.packageservice.PackageServiceApp for test class com.jagex.packageservice.controller.PackageControllerTest
2021-01-29 15:34:39,964 INFO o.s.t.c.s.AbstractTestContextBootstrapper [main] Loaded default TestExecutionListener class names from location [META-INF/spring.factories]: [org.springframework.boot.test.mock.mockito.MockitoTestExecutionListener, org.springframework.boot.test.mock.mockito.ResetMocksTestExecutionListener, org.springframework.boot.test.autoconfigure.restdocs.RestDocsTestExecutionListener, org.springframework.boot.test.autoconfigure.web.client.MockRestServiceServerResetTestExecutionListener, org.springframework.boot.test.autoconfigure.web.servlet.MockMvcPrintOnlyOnFailureTestExecutionListener, org.springframework.boot.test.autoconfigure.web.servlet.WebDriverTestExecutionListener, org.springframework.boot.test.autoconfigure.webservices.client.MockWebServiceServerTestExecutionListener, org.springframework.test.context.web.ServletTestExecutionListener, org.springframework.test.context.support.DirtiesContextBeforeModesTestExecutionListener, org.springframework.test.context.support.DependencyInjectionTestExecutionListener, org.springframework.test.context.support.DirtiesContextTestExecutionListener, org.springframework.test.context.transaction.TransactionalTestExecutionListener, org.springframework.test.context.jdbc.SqlScriptsTestExecutionListener, org.springframework.test.context.event.EventPublishingTestExecutionListener]
2021-01-29 15:34:39,984 INFO o.s.t.c.s.AbstractTestContextBootstrapper [main] Using TestExecutionListeners: [org.springframework.test.context.web.ServletTestExecutionListener@3dedb4a6, org.springframework.test.context.support.DirtiesContextBeforeModesTestExecutionListener@57f64f5e, org.springframework.boot.test.mock.mockito.MockitoTestExecutionListener@415e0bcb, org.springframework.boot.test.autoconfigure.SpringBootDependencyInjectionTestExecutionListener@194152cf, org.springframework.test.context.support.DirtiesContextTestExecutionListener@49d98dc5, org.springframework.test.context.event.EventPublishingTestExecutionListener@2c30b71f, org.springframework.boot.test.mock.mockito.ResetMocksTestExecutionListener@1d81e101, org.springframework.boot.test.autoconfigure.restdocs.RestDocsTestExecutionListener@ec50f54, org.springframework.boot.test.autoconfigure.web.client.MockRestServiceServerResetTestExecutionListener@bf71cec, org.springframework.boot.test.autoconfigure.web.servlet.MockMvcPrintOnlyOnFailureTestExecutionListener@22d6cac2, org.springframework.boot.test.autoconfigure.web.servlet.WebDriverTestExecutionListener@30cdae70, org.springframework.boot.test.autoconfigure.webservices.client.MockWebServiceServerTestExecutionListener@1654a892]
2021-01-29 15:34:40,490 INFO o.s.b.StartupInfoLogger [main] Starting PackageControllerTest on DESKTOP-OQAEO9N with PID 2808 (started by Shrey in E:\work\package-backend)
2021-01-29 15:34:40,503 DEBUG o.s.b.StartupInfoLogger [main] Running with Spring Boot v2.3.7.RELEASE, Spring v5.2.12.RELEASE
2021-01-29 15:34:40,504 INFO o.s.b.SpringApplication [main] No active profile set, falling back to default profiles: default
2021-01-29 15:34:42,877 INFO o.s.b.w.e.t.TomcatWebServer [main] Tomcat initialized with port(s): 0 (http)
2021-01-29 15:34:42,903 INFO o.a.j.l.DirectJDKLog [main] Initializing ProtocolHandler ["http-nio-auto-1"]
2021-01-29 15:34:42,904 INFO o.a.j.l.DirectJDKLog [main] Starting service [Tomcat]
2021-01-29 15:34:42,906 INFO o.a.j.l.DirectJDKLog [main] Starting Servlet engine: [Apache Tomcat/9.0.41]
2021-01-29 15:34:43,098 INFO o.a.j.l.DirectJDKLog [main] Initializing Spring embedded WebApplicationContext
2021-01-29 15:34:43,099 INFO o.s.b.w.s.c.ServletWebServerApplicationContext [main] Root WebApplicationContext: initialization completed in 2565 ms
2021-01-29 15:34:44,248 INFO o.s.s.c.ExecutorConfigurationSupport [main] Initializing ExecutorService 'applicationTaskExecutor'
2021-01-29 15:34:44,878 INFO o.s.b.a.e.w.EndpointLinksResolver [main] Exposing 2 endpoint(s) beneath base path '/actuator'
2021-01-29 15:34:44,994 INFO o.a.j.l.DirectJDKLog [main] Starting ProtocolHandler ["http-nio-auto-1"]
2021-01-29 15:34:45,033 INFO o.s.b.w.e.t.TomcatWebServer [main] Tomcat started on port(s): 63451 (http) with context path ''
2021-01-29 15:34:45,056 INFO o.s.b.StartupInfoLogger [main] Started PackageControllerTest in 5.001 seconds (JVM running for 7.486)
2021-01-29 15:34:45,910 INFO o.a.j.l.DirectJDKLog [http-nio-auto-1-exec-1] Initializing Spring DispatcherServlet 'dispatcherServlet'
2021-01-29 15:34:45,911 INFO o.s.w.s.FrameworkServlet [http-nio-auto-1-exec-1] Initializing Servlet 'dispatcherServlet'
2021-01-29 15:34:45,946 INFO o.s.w.s.FrameworkServlet [http-nio-auto-1-exec-1] Completed initialization in 33 ms
2021-01-29 15:34:46,811 INFO o.s.s.c.ExecutorConfigurationSupport [SpringContextShutdownHook] Shutting down ExecutorService 'applicationTaskExecutor'
